Using pre-set license
Built from '2020.3/release' branch; Version is '2020.3.15f2 (6cf78cb77498) revision 7141260'; Using compiler version '192528614'; Build Type 'Release'
OS: 'Windows 10 Home; OS build 19043.1237; Version 2009; 64bit' Language: 'en' Physical Memory: 16225 MB
BatchMode: 1, IsHumanControllingUs: 0, StartBugReporterOnCrash: 0, Is64bit: 1, IsPro: 0

 COMMAND LINE ARGUMENTS:
C:\Program Files\Unity\Hub\Editor\2020.3.15f2\Editor\Unity.exe
-adb2
-batchMode
-noUpm
-name
AssetImportWorker0
-projectPath
C:/Users/Snkan/Documents/289 Tech Seminar/Clumpy Space City_A
-logFile
Logs/AssetImportWorker0.log
-srvPort
61824
Successfully changed project path to: C:/Users/Snkan/Documents/289 Tech Seminar/Clumpy Space City_A
C:/Users/Snkan/Documents/289 Tech Seminar/Clumpy Space City_A
Using Asset Import Pipeline V2.
Refreshing native plugins compatible for Editor in 30.19 ms, found 2 plugins.
Preloading 0 native plugins for Editor in 0.00 ms.
Initialize engine version: 2020.3.15f2 (6cf78cb77498)
[Subsystems] Discovering subsystems at path C:/Program Files/Unity/Hub/Editor/2020.3.15f2/Editor/Data/Resources/UnitySubsystems
[Subsystems] Discovering subsystems at path C:/Users/Snkan/Documents/289 Tech Seminar/Clumpy Space City_A/Assets
GfxDevice: creating device client; threaded=0
Direct3D:
    Version:  Direct3D 11.0 [level 11.1]
    Renderer: NVIDIA GeForce GTX 1660 Ti (ID=0x2191)
    Vendor:   
    VRAM:     5991 MB
    Driver:   30.0.14.7196
Initialize mono
Mono path[0] = 'C:/Program Files/Unity/Hub/Editor/2020.3.15f2/Editor/Data/Managed'
Mono path[1] = 'C:/Program Files/Unity/Hub/Editor/2020.3.15f2/Editor/Data/MonoBleedingEdge/lib/mono/unityjit'
Mono config path = 'C:/Program Files/Unity/Hub/Editor/2020.3.15f2/Editor/Data/MonoBleedingEdge/etc'
Using monoOptions --debugger-agent=transport=dt_socket,embedding=1,server=y,suspend=n,address=127.0.0.1:56848
Begin MonoManager ReloadAssembly
Registering precompiled unity dll's ...
Register platform support module: C:/Program Files/Unity/Hub/Editor/2020.3.15f2/Editor/Data/PlaybackEngines/WindowsStandaloneSupport/UnityEditor.WindowsStandalone.Extensions.dll
Registered in 0.002618 seconds.
Native extension for WindowsStandalone target not found
Refreshing native plugins compatible for Editor in 33.63 ms, found 2 plugins.
Preloading 0 native plugins for Editor in 0.00 ms.
Mono: successfully reloaded assembly
- Completed reload, in  2.063 seconds
Domain Reload Profiling:
	ReloadAssembly (2063ms)
		BeginReloadAssembly (61ms)
			ExecutionOrderSort (0ms)
			DisableScriptedObjects (0ms)
			BackupInstance (0ms)
			ReleaseScriptingObjects (0ms)
			CreateAndSetChildDomain (1ms)
		EndReloadAssembly (409ms)
			LoadAssemblies (58ms)
			RebuildTransferFunctionScriptingTraits (0ms)
			SetupTypeCache (147ms)
			ReleaseScriptCaches (0ms)
			RebuildScriptCaches (29ms)
			SetupLoadedEditorAssemblies (166ms)
				LogAssemblyErrors (0ms)
				InitializePlatformSupportModulesInManaged (4ms)
				SetLoadedEditorAssemblies (0ms)
				RefreshPlugins (34ms)
				BeforeProcessingInitializeOnLoad (18ms)
				ProcessInitializeOnLoadAttributes (82ms)
				ProcessInitializeOnLoadMethodAttributes (28ms)
				AfterProcessingInitializeOnLoad (0ms)
				EditorAssembliesLoaded (0ms)
			ExecutionOrderSort2 (0ms)
			AwakeInstancesAfterBackupRestoration (0ms)
Platform modules already initialized, skipping
Registering precompiled user dll's ...
Registered in 0.005568 seconds.
Begin MonoManager ReloadAssembly
Native extension for WindowsStandalone target not found
Refreshing native plugins compatible for Editor in 0.31 ms, found 2 plugins.
Preloading 0 native plugins for Editor in 0.00 ms.
Mono: successfully reloaded assembly
- Completed reload, in  1.239 seconds
Domain Reload Profiling:
	ReloadAssembly (1241ms)
		BeginReloadAssembly (199ms)
			ExecutionOrderSort (0ms)
			DisableScriptedObjects (4ms)
			BackupInstance (0ms)
			ReleaseScriptingObjects (0ms)
			CreateAndSetChildDomain (38ms)
		EndReloadAssembly (930ms)
			LoadAssemblies (106ms)
			RebuildTransferFunctionScriptingTraits (0ms)
			SetupTypeCache (269ms)
			ReleaseScriptCaches (0ms)
			RebuildScriptCaches (52ms)
			SetupLoadedEditorAssemblies (416ms)
				LogAssemblyErrors (0ms)
				InitializePlatformSupportModulesInManaged (6ms)
				SetLoadedEditorAssemblies (0ms)
				RefreshPlugins (0ms)
				BeforeProcessingInitializeOnLoad (92ms)
				ProcessInitializeOnLoadAttributes (306ms)
				ProcessInitializeOnLoadMethodAttributes (4ms)
				AfterProcessingInitializeOnLoad (8ms)
				EditorAssembliesLoaded (0ms)
			ExecutionOrderSort2 (0ms)
			AwakeInstancesAfterBackupRestoration (5ms)
Platform modules already initialized, skipping
========================================================================
Worker process is ready to serve import requests
Launched and connected shader compiler UnityShaderCompiler.exe after 0.05 seconds
Refreshing native plugins compatible for Editor in 0.26 ms, found 2 plugins.
Preloading 0 native plugins for Editor in 0.00 ms.
Unloading 1396 Unused Serialized files (Serialized files now loaded: 0)
System memory in use before: 64.9 MB.
System memory in use after: 64.9 MB.

Unloading 19 unused Assets to reduce memory usage. Loaded Objects now: 1829.
Total: 2.699900 ms (FindLiveObjects: 0.222700 ms CreateObjectMapping: 0.324200 ms MarkObjects: 2.082200 ms  DeleteObjects: 0.069700 ms)

AssetImportParameters requested are different than current active one (requested -> active):
  custom:framework-win-MediaFoundation: 216162199b28c13a410421893ffa2e32 -> 
  custom:video-decoder-ogg-theora: a1e56fd34408186e4bbccfd4996cb3dc -> 
  custom:container-muxer-webm: aa71ff27fc2769a1b78a27578f13a17b -> 
  custom:container-demuxer-webm: 4f35f7cbe854078d1ac9338744f61a02 -> 
  custom:container-demuxer-ogg: 62fdf1f143b41e24485cea50d1cbac27 -> 
  custom:video-encoder-webm-vp8: eb34c28f22e8b96e1ab97ce403110664 -> 
  custom:video-decoder-webm-vp8: 9c59270c3fd7afecdb556c50c9e8de78 -> 
  custom:audio-decoder-ogg-vorbis: bf7c407c2cedff20999df2af8eb42d56 -> 
  custom:audio-encoder-webm-vorbis: bf7c407c2cedff20999df2af8eb42d56 -> 
========================================================================
Received Import Request.
  path: Assets/Penne.fbx
  artifactKey: Guid(715af1659ada9d840a7007effb44fdf3) Importer(815301076,1909f56bfc062723c751e8b465ee728b)
Start importing Assets/Penne.fbx using Guid(715af1659ada9d840a7007effb44fdf3) Importer(815301076,1909f56bfc062723c751e8b465ee728b)  -> (artifact id: 'baa4a6e999643a7d0fdd966cd7dce8f4') in 0.343397 seconds 
  Import took 0.346280 seconds .

========================================================================
Received Import Request.
  Time since last request: 0.000442 seconds.
  path: Assets/Macaroni.fbx
  artifactKey: Guid(359b941a939db9f41ba975fc478e087b) Importer(815301076,1909f56bfc062723c751e8b465ee728b)
Start importing Assets/Macaroni.fbx using Guid(359b941a939db9f41ba975fc478e087b) Importer(815301076,1909f56bfc062723c751e8b465ee728b)  -> (artifact id: '9c4aeecb2dad3ad76c6ac95305ceac90') in 0.028667 seconds 
  Import took 0.030803 seconds .

========================================================================
Received Import Request.
  Time since last request: 0.000430 seconds.
  path: Assets/Fusilli_Fat.fbx
  artifactKey: Guid(8df2fa752dff25b4a802713d8d0a3e6d) Importer(815301076,1909f56bfc062723c751e8b465ee728b)
Start importing Assets/Fusilli_Fat.fbx using Guid(8df2fa752dff25b4a802713d8d0a3e6d) Importer(815301076,1909f56bfc062723c751e8b465ee728b)  -> (artifact id: '6a3f4af1904c27992a35e37c60e98b09') in 0.029004 seconds 
  Import took 0.031075 seconds .

========================================================================
Received Import Request.
  Time since last request: 0.000426 seconds.
  path: Assets/Fusilli_Skinny.fbx
  artifactKey: Guid(a069116a83df6224480e6bde6686c411) Importer(815301076,1909f56bfc062723c751e8b465ee728b)
Start importing Assets/Fusilli_Skinny.fbx using Guid(a069116a83df6224480e6bde6686c411) Importer(815301076,1909f56bfc062723c751e8b465ee728b)  -> (artifact id: 'e4fb5c74442f5b9cb9fbb5d53a40d9c4') in 0.025704 seconds 
  Import took 0.027700 seconds .

========================================================================
Received Import Request.
  Time since last request: 0.000441 seconds.
  path: Assets/Fettucine.fbx
  artifactKey: Guid(b30a9b52351374c498479f7663daa9df) Importer(815301076,1909f56bfc062723c751e8b465ee728b)
Start importing Assets/Fettucine.fbx using Guid(b30a9b52351374c498479f7663daa9df) Importer(815301076,1909f56bfc062723c751e8b465ee728b)  -> (artifact id: '50de8a43f1f13c3d56fd728c2d2c8104') in 0.023582 seconds 
  Import took 0.025566 seconds .

========================================================================
Received Import Request.
  Time since last request: 0.000401 seconds.
  path: Assets/Spaghetti.fbx
  artifactKey: Guid(81414623c31a8c94ab3abbd2fc9269cc) Importer(815301076,1909f56bfc062723c751e8b465ee728b)
Start importing Assets/Spaghetti.fbx using Guid(81414623c31a8c94ab3abbd2fc9269cc) Importer(815301076,1909f56bfc062723c751e8b465ee728b)  -> (artifact id: 'f1ef6610cb42d5524b870c1d0525592d') in 0.028870 seconds 
  Import took 0.030885 seconds .

AssetImportWorkerClient::OnTransportError - code=2 error=End of file
